2022-06-04 13:24:20,704:INFO:PyCaret Supervised Module
2022-06-04 13:24:20,705:INFO:ML Usecase: classification
2022-06-04 13:24:20,705:INFO:version 2.3.10
2022-06-04 13:24:20,705:INFO:Initializing setup()
2022-06-04 13:24:20,706:INFO:setup(target=Personality, ml_usecase=classification, available_plots={'parameter': 'Hyperparameters', 'auc': 'AUC', 'confusion_matrix': 'Confusion Matrix', 'threshold': 'Threshold', 'pr': 'Precision Recall', 'error': 'Prediction Error', 'class_report': 'Class Report', 'rfe': 'Feature Selection', 'learning': 'Learning Curve', 'manifold': 'Manifold Learning', 'calibration': 'Calibration Curve', 'vc': 'Validation Curve', 'dimension': 'Dimensions', 'feature': 'Feature Importance', 'feature_all': 'Feature Importance (All)', 'boundary': 'Decision Boundary', 'lift': 'Lift Chart', 'gain': 'Gain Chart', 'tree': 'Decision Tree', 'ks': 'KS Statistic Plot'}, train_size=0.7, test_data=None, preprocess=True, imputation_type=simple, iterative_imputation_iters=5, categorical_features=None, categorical_imputation=constant, categorical_iterative_imputer=lightgbm, ordinal_features=None, high_cardinality_features=None, high_cardinality_method=frequency, numeric_features=None, numeric_imputation=mean, numeric_iterative_imputer=lightgbm, date_features=None, ignore_features=None, normalize=False, normalize_method=zscore, transformation=False, transformation_method=yeo-johnson, handle_unknown_categorical=True, unknown_categorical_method=least_frequent, pca=False, pca_method=linear, pca_components=None, ignore_low_variance=False, combine_rare_levels=False, rare_level_threshold=0.1, bin_numeric_features=None, remove_outliers=False, outliers_threshold=0.05, remove_multicollinearity=False, multicollinearity_threshold=0.9, remove_perfect_collinearity=True, create_clusters=False, cluster_iter=20, polynomial_features=False, polynomial_degree=2, trigonometry_features=False, polynomial_threshold=0.1, group_features=None, group_names=None, feature_selection=False, feature_selection_threshold=0.8, feature_selection_method=classic, feature_interaction=False, feature_ratio=False, interaction_threshold=0.01, fix_imbalance=False, fix_imbalance_method=None, transform_target=False, transform_target_method=box-cox, data_split_shuffle=True, data_split_stratify=False, fold_strategy=stratifiedkfold, fold=10, fold_shuffle=False, fold_groups=None, n_jobs=-1, use_gpu=False, custom_pipeline=None, html=True, session_id=123, log_experiment=False, experiment_name=None, experiment_custom_tags=None, log_plots=False, log_profile=False, log_data=False, silent=False, verbose=True, profile=False, profile_kwargs=None, display=None)
2022-06-04 13:24:20,706:INFO:Checking environment
2022-06-04 13:24:20,706:INFO:python_version: 3.7.13
2022-06-04 13:24:20,706:INFO:python_build: ('default', 'Mar 28 2022 08:03:21')
2022-06-04 13:24:20,706:INFO:machine: AMD64
2022-06-04 13:24:20,706:INFO:platform: Windows-10-10.0.22000-SP0
2022-06-04 13:24:20,706:INFO:Memory: svmem(total=16505966592, available=6777405440, percent=58.9, used=9728561152, free=6777405440)
2022-06-04 13:24:20,706:INFO:Physical Core: 6
2022-06-04 13:24:20,706:INFO:Logical Core: 12
2022-06-04 13:24:20,706:INFO:Checking libraries
2022-06-04 13:24:20,706:INFO:pd==1.3.5
2022-06-04 13:24:20,706:INFO:numpy==1.19.5
2022-06-04 13:24:20,706:INFO:sklearn==0.23.2
2022-06-04 13:24:20,707:INFO:lightgbm==3.3.2
2022-06-04 13:24:20,708:WARNING:catboost not found
2022-06-04 13:24:20,709:WARNING:xgboost not found
2022-06-04 13:24:20,709:INFO:mlflow==1.26.1
2022-06-04 13:24:20,709:INFO:Checking Exceptions
2022-06-04 13:24:20,709:INFO:Declaring global variables
2022-06-04 13:24:20,709:INFO:USI: e7b8
2022-06-04 13:24:20,710:INFO:pycaret_globals: {'_internal_pipeline', 'seed', 'data_before_preprocess', 'y_train', 'display_container', 'log_plots_param', 'pycaret_globals', 'experiment__', 'fix_imbalance_param', 'fold_param', 'gpu_param', '_gpu_n_jobs_param', 'imputation_regressor', 'iterative_imputation_iters_param', '_all_models_internal', 'dashboard_logger', 'stratify_param', 'logging_param', 'y', 'fold_groups_param_full', 'fold_generator', 'transform_target_param', 'X_train', 'fold_groups_param', 'y_test', 'html_param', '_available_plots', '_all_models', 'USI', 'target_param', 'n_jobs_param', 'X', 'master_model_container', 'create_model_container', 'X_test', 'exp_name_log', 'imputation_classifier', 'transform_target_method_param', '_ml_usecase', 'fix_imbalance_method_param', '_all_metrics', 'fold_shuffle_param', 'prep_pipe'}
2022-06-04 13:24:20,710:INFO:Preparing display monitor
2022-06-04 13:24:20,710:INFO:Preparing display monitor
2022-06-04 13:24:20,725:INFO:Importing libraries
2022-06-04 13:24:20,725:INFO:Copying data for preprocessing
2022-06-04 13:24:20,746:INFO:Declaring preprocessing parameters
2022-06-04 13:24:20,768:INFO:Creating preprocessing pipeline
2022-06-04 13:24:21,121:INFO:Preprocessing pipeline created successfully
2022-06-04 13:24:21,122:ERROR:(Process Exit): setup has been interupted with user command 'quit'. setup must rerun.
2022-06-04 13:24:21,122:INFO:Creating global containers
2022-06-04 13:24:21,124:INFO:Internal pipeline: Pipeline(memory=None, steps=[('empty_step', 'passthrough')], verbose=False)
2022-06-04 13:25:14,110:WARNING:Couldn't import xgboost.XGBClassifier
2022-06-04 13:25:14,110:WARNING:Couldn't import catboost.CatBoostClassifier
2022-06-04 13:25:14,186:WARNING:Couldn't import xgboost.XGBClassifier
2022-06-04 13:25:14,186:WARNING:Couldn't import catboost.CatBoostClassifier
2022-06-04 13:25:14,187:INFO:Creating grid variables
2022-06-04 13:25:14,203:INFO:create_model_container: 0
2022-06-04 13:25:14,204:INFO:master_model_container: 0
2022-06-04 13:25:14,204:INFO:display_container: 1
2022-06-04 13:25:14,210:INFO:Pipeline(memory=None,
         steps=[('dtypes',
                 DataTypes_Auto_infer(categorical_features=[],
                                      display_types=True, features_todrop=[],
                                      id_columns=[],
                                      ml_usecase='classification',
                                      numerical_features=[],
                                      target='Personality', time_features=[])),
                ('imputer',
                 Simple_Imputer(categorical_strategy='not_available',
                                fill_value_categorical=None,
                                fill_value_numerical=None,
                                numeric_...
                ('scaling', 'passthrough'), ('P_transform', 'passthrough'),
                ('binn', 'passthrough'), ('rem_outliers', 'passthrough'),
                ('cluster_all', 'passthrough'),
                ('dummy', Dummify(target='Personality')),
                ('fix_perfect', Remove_100(target='Personality')),
                ('clean_names', Clean_Colum_Names()),
                ('feature_select', 'passthrough'), ('fix_multi', 'passthrough'),
                ('dfs', 'passthrough'), ('pca', 'passthrough')],
         verbose=False)
2022-06-04 13:25:14,210:INFO:setup() succesfully completed......................................
2022-06-04 13:25:25,588:INFO:Initializing compare_models()
2022-06-04 13:25:25,588:INFO:compare_models(include=None, fold=None, round=4, cross_validation=True, sort=Accuracy, n_select=1, budget_time=None, turbo=True, errors=ignore, fit_kwargs=None, groups=None, experiment_custom_tags=None, probability_threshold=None, verbose=True, display=None, exclude=None)
2022-06-04 13:25:25,589:INFO:Checking exceptions
2022-06-04 13:25:25,589:INFO:Preparing display monitor
2022-06-04 13:25:25,590:INFO:Preparing display monitor
2022-06-04 13:25:25,616:INFO:Initializing Logistic Regression
2022-06-04 13:25:25,617:INFO:Total runtime is 1.668532689412435e-05 minutes
2022-06-04 13:25:25,625:INFO:SubProcess create_model() called ==================================
2022-06-04 13:25:25,625:INFO:Initializing create_model()
2022-06-04 13:25:25,625:INFO:create_model(estimator=lr, fold=StratifiedKFold(n_splits=10, random_state=None, shuffle=False), round=4, cross_validation=True, predict=True, fit_kwargs={}, groups=None, refit=False, verbose=False, system=False, metrics=None, experiment_custom_tags=None, add_to_model_list=True, probability_threshold=None, display=<pycaret.internal.Display.Display object at 0x000001988C8197C8>, return_train_score=False, kwargs={})
2022-06-04 13:25:25,626:INFO:Checking exceptions
2022-06-04 13:25:25,626:INFO:Importing libraries
2022-06-04 13:25:25,626:INFO:Copying training dataset
2022-06-04 13:25:25,641:INFO:Defining folds
2022-06-04 13:25:25,641:INFO:Declaring metric variables
2022-06-04 13:25:25,649:INFO:Importing untrained model
2022-06-04 13:25:25,659:INFO:Logistic Regression Imported succesfully
2022-06-04 13:25:25,678:INFO:Starting cross validation
2022-06-04 13:25:25,678:INFO:Cross validating with StratifiedKFold(n_splits=10, random_state=None, shuffle=False), n_jobs=-1
2022-06-04 13:27:25,973:INFO:Calculating mean and std
2022-06-04 13:27:25,974:INFO:Creating metrics dataframe
2022-06-04 13:27:25,978:INFO:Uploading results into container
2022-06-04 13:27:25,978:INFO:Uploading model into container now
2022-06-04 13:27:25,979:INFO:create_model_container: 1
2022-06-04 13:27:25,979:INFO:master_model_container: 1
2022-06-04 13:27:25,979:INFO:display_container: 2
2022-06-04 13:27:25,979:INFO:LogisticRegression(C=1.0, class_weight=None, dual=False, fit_intercept=True,
                   intercept_scaling=1, l1_ratio=None, max_iter=1000,
                   multi_class='auto', n_jobs=None, penalty='l2',
                   random_state=123, solver='lbfgs', tol=0.0001, verbose=0,
                   warm_start=False)
2022-06-04 13:27:25,979:INFO:create_model() succesfully completed......................................
2022-06-04 13:27:26,043:INFO:SubProcess create_model() end ==================================
2022-06-04 13:27:26,044:INFO:Creating metrics dataframe
2022-06-04 13:27:26,055:INFO:Initializing K Neighbors Classifier
2022-06-04 13:27:26,056:INFO:Total runtime is 2.0073295076688127 minutes
2022-06-04 13:27:26,062:INFO:SubProcess create_model() called ==================================
2022-06-04 13:27:26,062:INFO:Initializing create_model()
2022-06-04 13:27:26,062:INFO:create_model(estimator=knn, fold=StratifiedKFold(n_splits=10, random_state=None, shuffle=False), round=4, cross_validation=True, predict=True, fit_kwargs={}, groups=None, refit=False, verbose=False, system=False, metrics=None, experiment_custom_tags=None, add_to_model_list=True, probability_threshold=None, display=<pycaret.internal.Display.Display object at 0x000001988C8197C8>, return_train_score=False, kwargs={})
2022-06-04 13:27:26,062:INFO:Checking exceptions
2022-06-04 13:27:26,062:INFO:Importing libraries
2022-06-04 13:27:26,063:INFO:Copying training dataset
2022-06-04 13:27:26,073:INFO:Defining folds
2022-06-04 13:27:26,073:INFO:Declaring metric variables
2022-06-04 13:27:26,079:INFO:Importing untrained model
2022-06-04 13:27:26,086:INFO:K Neighbors Classifier Imported succesfully
2022-06-04 13:27:26,099:INFO:Starting cross validation
2022-06-04 13:27:26,100:INFO:Cross validating with StratifiedKFold(n_splits=10, random_state=None, shuffle=False), n_jobs=-1
2022-06-04 13:32:58,081:INFO:Calculating mean and std
2022-06-04 13:32:58,082:INFO:Creating metrics dataframe
2022-06-04 13:32:58,086:INFO:Uploading results into container
2022-06-04 13:32:58,086:INFO:Uploading model into container now
2022-06-04 13:32:58,086:INFO:create_model_container: 2
2022-06-04 13:32:58,086:INFO:master_model_container: 2
2022-06-04 13:32:58,086:INFO:display_container: 2
2022-06-04 13:32:58,086:INFO:KNeighborsClassifier(algorithm='auto', leaf_size=30, metric='minkowski',
                     metric_params=None, n_jobs=-1, n_neighbors=5, p=2,
                     weights='uniform')
2022-06-04 13:32:58,086:INFO:create_model() succesfully completed......................................
2022-06-04 13:32:58,155:INFO:SubProcess create_model() end ==================================
2022-06-04 13:32:58,155:INFO:Creating metrics dataframe
2022-06-04 13:32:58,169:INFO:Initializing Naive Bayes
2022-06-04 13:32:58,169:INFO:Total runtime is 7.542546713352204 minutes
2022-06-04 13:32:58,177:INFO:SubProcess create_model() called ==================================
2022-06-04 13:32:58,178:INFO:Initializing create_model()
2022-06-04 13:32:58,178:INFO:create_model(estimator=nb, fold=StratifiedKFold(n_splits=10, random_state=None, shuffle=False), round=4, cross_validation=True, predict=True, fit_kwargs={}, groups=None, refit=False, verbose=False, system=False, metrics=None, experiment_custom_tags=None, add_to_model_list=True, probability_threshold=None, display=<pycaret.internal.Display.Display object at 0x000001988C8197C8>, return_train_score=False, kwargs={})
2022-06-04 13:32:58,178:INFO:Checking exceptions
2022-06-04 13:32:58,178:INFO:Importing libraries
2022-06-04 13:32:58,178:INFO:Copying training dataset
2022-06-04 13:32:58,189:INFO:Defining folds
2022-06-04 13:32:58,189:INFO:Declaring metric variables
2022-06-04 13:32:58,197:INFO:Importing untrained model
2022-06-04 13:32:58,207:INFO:Naive Bayes Imported succesfully
2022-06-04 13:32:58,225:INFO:Starting cross validation
2022-06-04 13:32:58,225:INFO:Cross validating with StratifiedKFold(n_splits=10, random_state=None, shuffle=False), n_jobs=-1
2022-06-04 13:33:01,254:INFO:Calculating mean and std
2022-06-04 13:33:01,255:INFO:Creating metrics dataframe
2022-06-04 13:33:01,259:INFO:Uploading results into container
2022-06-04 13:33:01,260:INFO:Uploading model into container now
2022-06-04 13:33:01,260:INFO:create_model_container: 3
2022-06-04 13:33:01,260:INFO:master_model_container: 3
2022-06-04 13:33:01,260:INFO:display_container: 2
2022-06-04 13:33:01,260:INFO:GaussianNB(priors=None, var_smoothing=1e-09)
2022-06-04 13:33:01,260:INFO:create_model() succesfully completed......................................
2022-06-04 13:33:01,328:INFO:SubProcess create_model() end ==================================
2022-06-04 13:33:01,328:INFO:Creating metrics dataframe
2022-06-04 13:33:01,344:INFO:Initializing Decision Tree Classifier
2022-06-04 13:33:01,344:INFO:Total runtime is 7.595458825429281 minutes
2022-06-04 13:33:01,352:INFO:SubProcess create_model() called ==================================
2022-06-04 13:33:01,352:INFO:Initializing create_model()
2022-06-04 13:33:01,352:INFO:create_model(estimator=dt, fold=StratifiedKFold(n_splits=10, random_state=None, shuffle=False), round=4, cross_validation=True, predict=True, fit_kwargs={}, groups=None, refit=False, verbose=False, system=False, metrics=None, experiment_custom_tags=None, add_to_model_list=True, probability_threshold=None, display=<pycaret.internal.Display.Display object at 0x000001988C8197C8>, return_train_score=False, kwargs={})
2022-06-04 13:33:01,352:INFO:Checking exceptions
2022-06-04 13:33:01,352:INFO:Importing libraries
2022-06-04 13:33:01,352:INFO:Copying training dataset
2022-06-04 13:33:01,364:INFO:Defining folds
2022-06-04 13:33:01,364:INFO:Declaring metric variables
2022-06-04 13:33:01,374:INFO:Importing untrained model
2022-06-04 13:33:01,386:INFO:Decision Tree Classifier Imported succesfully
2022-06-04 13:33:01,401:INFO:Starting cross validation
2022-06-04 13:33:01,402:INFO:Cross validating with StratifiedKFold(n_splits=10, random_state=None, shuffle=False), n_jobs=-1
2022-06-04 13:33:09,818:INFO:Calculating mean and std
2022-06-04 13:33:09,819:INFO:Creating metrics dataframe
2022-06-04 13:33:09,823:INFO:Uploading results into container
2022-06-04 13:33:09,823:INFO:Uploading model into container now
2022-06-04 13:33:09,823:INFO:create_model_container: 4
2022-06-04 13:33:09,824:INFO:master_model_container: 4
2022-06-04 13:33:09,824:INFO:display_container: 2
2022-06-04 13:33:09,824:INFO:DecisionTreeClassifier(ccp_alpha=0.0, class_weight=None, criterion='gini',
                       max_depth=None, max_features=None, max_leaf_nodes=None,
                       min_impurity_decrease=0.0, min_impurity_split=None,
                       min_samples_leaf=1, min_samples_split=2,
                       min_weight_fraction_leaf=0.0, presort='deprecated',
                       random_state=123, splitter='best')
2022-06-04 13:33:09,824:INFO:create_model() succesfully completed......................................
2022-06-04 13:33:09,896:INFO:SubProcess create_model() end ==================================
2022-06-04 13:33:09,896:INFO:Creating metrics dataframe
2022-06-04 13:33:09,909:INFO:Initializing SVM - Linear Kernel
2022-06-04 13:33:09,909:INFO:Total runtime is 7.738216574986776 minutes
2022-06-04 13:33:09,917:INFO:SubProcess create_model() called ==================================
2022-06-04 13:33:09,918:INFO:Initializing create_model()
2022-06-04 13:33:09,918:INFO:create_model(estimator=svm, fold=StratifiedKFold(n_splits=10, random_state=None, shuffle=False), round=4, cross_validation=True, predict=True, fit_kwargs={}, groups=None, refit=False, verbose=False, system=False, metrics=None, experiment_custom_tags=None, add_to_model_list=True, probability_threshold=None, display=<pycaret.internal.Display.Display object at 0x000001988C8197C8>, return_train_score=False, kwargs={})
2022-06-04 13:33:09,918:INFO:Checking exceptions
2022-06-04 13:33:09,918:INFO:Importing libraries
2022-06-04 13:33:09,918:INFO:Copying training dataset
2022-06-04 13:33:09,927:INFO:Defining folds
2022-06-04 13:33:09,928:INFO:Declaring metric variables
2022-06-04 13:33:09,936:INFO:Importing untrained model
2022-06-04 13:33:09,945:INFO:SVM - Linear Kernel Imported succesfully
2022-06-04 13:33:09,965:INFO:Starting cross validation
2022-06-04 13:33:09,966:INFO:Cross validating with StratifiedKFold(n_splits=10, random_state=None, shuffle=False), n_jobs=-1
2022-06-04 13:33:28,149:INFO:Calculating mean and std
2022-06-04 13:33:28,149:INFO:Creating metrics dataframe
2022-06-04 13:33:28,149:INFO:Uploading results into container
2022-06-04 13:33:28,149:INFO:Uploading model into container now
2022-06-04 13:33:28,149:INFO:create_model_container: 5
2022-06-04 13:33:28,149:INFO:master_model_container: 5
2022-06-04 13:33:28,149:INFO:display_container: 2
2022-06-04 13:33:28,149:INFO:SGDClassifier(alpha=0.0001, average=False, class_weight=None,
              early_stopping=False, epsilon=0.1, eta0=0.001, fit_intercept=True,
              l1_ratio=0.15, learning_rate='optimal', loss='hinge',
              max_iter=1000, n_iter_no_change=5, n_jobs=-1, penalty='l2',
              power_t=0.5, random_state=123, shuffle=True, tol=0.001,
              validation_fraction=0.1, verbose=0, warm_start=False)
2022-06-04 13:33:28,149:INFO:create_model() succesfully completed......................................
2022-06-04 13:33:28,212:INFO:SubProcess create_model() end ==================================
2022-06-04 13:33:28,212:INFO:Creating metrics dataframe
2022-06-04 13:33:28,228:INFO:Initializing Ridge Classifier
2022-06-04 13:33:28,228:INFO:Total runtime is 8.043522775173187 minutes
2022-06-04 13:33:28,228:INFO:SubProcess create_model() called ==================================
2022-06-04 13:33:28,228:INFO:Initializing create_model()
2022-06-04 13:33:28,228:INFO:create_model(estimator=ridge, fold=StratifiedKFold(n_splits=10, random_state=None, shuffle=False), round=4, cross_validation=True, predict=True, fit_kwargs={}, groups=None, refit=False, verbose=False, system=False, metrics=None, experiment_custom_tags=None, add_to_model_list=True, probability_threshold=None, display=<pycaret.internal.Display.Display object at 0x000001988C8197C8>, return_train_score=False, kwargs={})
2022-06-04 13:33:28,228:INFO:Checking exceptions
2022-06-04 13:33:28,228:INFO:Importing libraries
2022-06-04 13:33:28,228:INFO:Copying training dataset
2022-06-04 13:33:28,243:INFO:Defining folds
2022-06-04 13:33:28,243:INFO:Declaring metric variables
2022-06-04 13:33:28,259:INFO:Importing untrained model
2022-06-04 13:33:28,259:INFO:Ridge Classifier Imported succesfully
2022-06-04 13:33:28,275:INFO:Starting cross validation
2022-06-04 13:33:28,275:INFO:Cross validating with StratifiedKFold(n_splits=10, random_state=None, shuffle=False), n_jobs=-1
2022-06-04 13:33:29,264:INFO:Calculating mean and std
2022-06-04 13:33:29,264:INFO:Creating metrics dataframe
2022-06-04 13:33:29,264:INFO:Uploading results into container
2022-06-04 13:33:29,264:INFO:Uploading model into container now
2022-06-04 13:33:29,264:INFO:create_model_container: 6
2022-06-04 13:33:29,264:INFO:master_model_container: 6
2022-06-04 13:33:29,264:INFO:display_container: 2
2022-06-04 13:33:29,264:INFO:RidgeClassifier(alpha=1.0, class_weight=None, copy_X=True, fit_intercept=True,
                max_iter=None, normalize=False, random_state=123, solver='auto',
                tol=0.001)
2022-06-04 13:33:29,264:INFO:create_model() succesfully completed......................................
2022-06-04 13:33:29,327:INFO:SubProcess create_model() end ==================================
2022-06-04 13:33:29,327:INFO:Creating metrics dataframe
2022-06-04 13:33:29,342:INFO:Initializing Random Forest Classifier
2022-06-04 13:33:29,342:INFO:Total runtime is 8.062100315093994 minutes
2022-06-04 13:33:29,342:INFO:SubProcess create_model() called ==================================
2022-06-04 13:33:29,342:INFO:Initializing create_model()
2022-06-04 13:33:29,342:INFO:create_model(estimator=rf, fold=StratifiedKFold(n_splits=10, random_state=None, shuffle=False), round=4, cross_validation=True, predict=True, fit_kwargs={}, groups=None, refit=False, verbose=False, system=False, metrics=None, experiment_custom_tags=None, add_to_model_list=True, probability_threshold=None, display=<pycaret.internal.Display.Display object at 0x000001988C8197C8>, return_train_score=False, kwargs={})
2022-06-04 13:33:29,342:INFO:Checking exceptions
2022-06-04 13:33:29,342:INFO:Importing libraries
2022-06-04 13:33:29,342:INFO:Copying training dataset
2022-06-04 13:33:29,358:INFO:Defining folds
2022-06-04 13:33:29,358:INFO:Declaring metric variables
2022-06-04 13:33:29,358:INFO:Importing untrained model
2022-06-04 13:33:29,374:INFO:Random Forest Classifier Imported succesfully
2022-06-04 13:33:29,389:INFO:Starting cross validation
2022-06-04 13:33:29,389:INFO:Cross validating with StratifiedKFold(n_splits=10, random_state=None, shuffle=False), n_jobs=-1
2022-06-04 13:33:58,597:INFO:Calculating mean and std
2022-06-04 13:33:58,597:INFO:Creating metrics dataframe
2022-06-04 13:33:58,597:INFO:Uploading results into container
2022-06-04 13:33:58,597:INFO:Uploading model into container now
2022-06-04 13:33:58,597:INFO:create_model_container: 7
2022-06-04 13:33:58,597:INFO:master_model_container: 7
2022-06-04 13:33:58,597:INFO:display_container: 2
2022-06-04 13:33:58,597:INFO:RandomForestClassifier(bootstrap=True, ccp_alpha=0.0, class_weight=None,
                       criterion='gini', max_depth=None, max_features='auto',
                       max_leaf_nodes=None, max_samples=None,
                       min_impurity_decrease=0.0, min_impurity_split=None,
                       min_samples_leaf=1, min_samples_split=2,
                       min_weight_fraction_leaf=0.0, n_estimators=100,
                       n_jobs=-1, oob_score=False, random_state=123, verbose=0,
                       warm_start=False)
2022-06-04 13:33:58,597:INFO:create_model() succesfully completed......................................
2022-06-04 13:33:58,707:INFO:SubProcess create_model() end ==================================
2022-06-04 13:33:58,707:INFO:Creating metrics dataframe
2022-06-04 13:33:58,723:INFO:Initializing Quadratic Discriminant Analysis
2022-06-04 13:33:58,723:INFO:Total runtime is 8.551775054136913 minutes
2022-06-04 13:33:58,723:INFO:SubProcess create_model() called ==================================
2022-06-04 13:33:58,723:INFO:Initializing create_model()
2022-06-04 13:33:58,723:INFO:create_model(estimator=qda, fold=StratifiedKFold(n_splits=10, random_state=None, shuffle=False), round=4, cross_validation=True, predict=True, fit_kwargs={}, groups=None, refit=False, verbose=False, system=False, metrics=None, experiment_custom_tags=None, add_to_model_list=True, probability_threshold=None, display=<pycaret.internal.Display.Display object at 0x000001988C8197C8>, return_train_score=False, kwargs={})
2022-06-04 13:33:58,723:INFO:Checking exceptions
2022-06-04 13:33:58,723:INFO:Importing libraries
2022-06-04 13:33:58,723:INFO:Copying training dataset
2022-06-04 13:33:58,738:INFO:Defining folds
2022-06-04 13:33:58,738:INFO:Declaring metric variables
2022-06-04 13:33:58,754:INFO:Importing untrained model
2022-06-04 13:33:58,759:INFO:Quadratic Discriminant Analysis Imported succesfully
2022-06-04 13:33:58,786:INFO:Starting cross validation
2022-06-04 13:33:58,786:INFO:Cross validating with StratifiedKFold(n_splits=10, random_state=None, shuffle=False), n_jobs=-1
2022-06-04 13:34:04,751:INFO:Calculating mean and std
2022-06-04 13:34:04,751:INFO:Creating metrics dataframe
2022-06-04 13:34:04,751:INFO:Uploading results into container
2022-06-04 13:34:04,751:INFO:Uploading model into container now
2022-06-04 13:34:04,751:INFO:create_model_container: 8
2022-06-04 13:34:04,751:INFO:master_model_container: 8
2022-06-04 13:34:04,751:INFO:display_container: 2
2022-06-04 13:34:04,751:INFO:QuadraticDiscriminantAnalysis(priors=None, reg_param=0.0,
                              store_covariance=False, tol=0.0001)
2022-06-04 13:34:04,751:INFO:create_model() succesfully completed......................................
2022-06-04 13:34:04,845:INFO:SubProcess create_model() end ==================================
2022-06-04 13:34:04,845:INFO:Creating metrics dataframe
2022-06-04 13:34:04,861:INFO:Initializing Ada Boost Classifier
2022-06-04 13:34:04,861:INFO:Total runtime is 8.654074998696647 minutes
2022-06-04 13:34:04,861:INFO:SubProcess create_model() called ==================================
2022-06-04 13:34:04,861:INFO:Initializing create_model()
2022-06-04 13:34:04,861:INFO:create_model(estimator=ada, fold=StratifiedKFold(n_splits=10, random_state=None, shuffle=False), round=4, cross_validation=True, predict=True, fit_kwargs={}, groups=None, refit=False, verbose=False, system=False, metrics=None, experiment_custom_tags=None, add_to_model_list=True, probability_threshold=None, display=<pycaret.internal.Display.Display object at 0x000001988C8197C8>, return_train_score=False, kwargs={})
2022-06-04 13:34:04,861:INFO:Checking exceptions
2022-06-04 13:34:04,861:INFO:Importing libraries
2022-06-04 13:34:04,861:INFO:Copying training dataset
2022-06-04 13:34:04,877:INFO:Defining folds
2022-06-04 13:34:04,877:INFO:Declaring metric variables
2022-06-04 13:34:04,877:INFO:Importing untrained model
2022-06-04 13:34:04,877:INFO:Ada Boost Classifier Imported succesfully
2022-06-04 13:34:04,893:INFO:Starting cross validation
2022-06-04 13:34:04,893:INFO:Cross validating with StratifiedKFold(n_splits=10, random_state=None, shuffle=False), n_jobs=-1
2022-06-04 13:34:17,528:INFO:Calculating mean and std
2022-06-04 13:34:17,528:INFO:Creating metrics dataframe
2022-06-04 13:34:17,528:INFO:Uploading results into container
2022-06-04 13:34:17,528:INFO:Uploading model into container now
2022-06-04 13:34:17,528:INFO:create_model_container: 9
2022-06-04 13:34:17,528:INFO:master_model_container: 9
2022-06-04 13:34:17,528:INFO:display_container: 2
2022-06-04 13:34:17,528:INFO:AdaBoostClassifier(algorithm='SAMME.R', base_estimator=None, learning_rate=1.0,
                   n_estimators=50, random_state=123)
2022-06-04 13:34:17,528:INFO:create_model() succesfully completed......................................
2022-06-04 13:34:17,591:INFO:SubProcess create_model() end ==================================
2022-06-04 13:34:17,591:INFO:Creating metrics dataframe
2022-06-04 13:34:17,607:INFO:Initializing Gradient Boosting Classifier
2022-06-04 13:34:17,607:INFO:Total runtime is 8.866506151358289 minutes
2022-06-04 13:34:17,607:INFO:SubProcess create_model() called ==================================
2022-06-04 13:34:17,607:INFO:Initializing create_model()
2022-06-04 13:34:17,607:INFO:create_model(estimator=gbc, fold=StratifiedKFold(n_splits=10, random_state=None, shuffle=False), round=4, cross_validation=True, predict=True, fit_kwargs={}, groups=None, refit=False, verbose=False, system=False, metrics=None, experiment_custom_tags=None, add_to_model_list=True, probability_threshold=None, display=<pycaret.internal.Display.Display object at 0x000001988C8197C8>, return_train_score=False, kwargs={})
2022-06-04 13:34:17,607:INFO:Checking exceptions
2022-06-04 13:34:17,607:INFO:Importing libraries
2022-06-04 13:34:17,607:INFO:Copying training dataset
2022-06-04 13:34:17,623:INFO:Defining folds
2022-06-04 13:34:17,623:INFO:Declaring metric variables
2022-06-04 13:34:17,623:INFO:Importing untrained model
2022-06-04 13:34:17,638:INFO:Gradient Boosting Classifier Imported succesfully
2022-06-04 13:34:17,654:INFO:Starting cross validation
2022-06-04 13:34:17,654:INFO:Cross validating with StratifiedKFold(n_splits=10, random_state=None, shuffle=False), n_jobs=-1
2022-06-04 13:47:25,845:INFO:Calculating mean and std
2022-06-04 13:47:25,845:INFO:Creating metrics dataframe
2022-06-04 13:47:25,845:INFO:Uploading results into container
2022-06-04 13:47:25,845:INFO:Uploading model into container now
2022-06-04 13:47:25,845:INFO:create_model_container: 10
2022-06-04 13:47:25,845:INFO:master_model_container: 10
2022-06-04 13:47:25,845:INFO:display_container: 2
2022-06-04 13:47:25,845:INFO:GradientBoostingClassifier(ccp_alpha=0.0, criterion='friedman_mse', init=None,
                           learning_rate=0.1, loss='deviance', max_depth=3,
                           max_features=None, max_leaf_nodes=None,
                           min_impurity_decrease=0.0, min_impurity_split=None,
                           min_samples_leaf=1, min_samples_split=2,
                           min_weight_fraction_leaf=0.0, n_estimators=100,
                           n_iter_no_change=None, presort='deprecated',
                           random_state=123, subsample=1.0, tol=0.0001,
                           validation_fraction=0.1, verbose=0,
                           warm_start=False)
2022-06-04 13:47:25,845:INFO:create_model() succesfully completed......................................
2022-06-04 13:47:25,907:INFO:SubProcess create_model() end ==================================
2022-06-04 13:47:25,907:INFO:Creating metrics dataframe
2022-06-04 13:47:25,923:INFO:Initializing Linear Discriminant Analysis
2022-06-04 13:47:25,923:INFO:Total runtime is 22.005118274688723 minutes
2022-06-04 13:47:25,923:INFO:SubProcess create_model() called ==================================
2022-06-04 13:47:25,923:INFO:Initializing create_model()
2022-06-04 13:47:25,923:INFO:create_model(estimator=lda, fold=StratifiedKFold(n_splits=10, random_state=None, shuffle=False), round=4, cross_validation=True, predict=True, fit_kwargs={}, groups=None, refit=False, verbose=False, system=False, metrics=None, experiment_custom_tags=None, add_to_model_list=True, probability_threshold=None, display=<pycaret.internal.Display.Display object at 0x000001988C8197C8>, return_train_score=False, kwargs={})
2022-06-04 13:47:25,923:INFO:Checking exceptions
2022-06-04 13:47:25,923:INFO:Importing libraries
2022-06-04 13:47:25,923:INFO:Copying training dataset
2022-06-04 13:47:25,939:INFO:Defining folds
2022-06-04 13:47:25,939:INFO:Declaring metric variables
2022-06-04 13:47:25,939:INFO:Importing untrained model
2022-06-04 13:47:25,955:INFO:Linear Discriminant Analysis Imported succesfully
2022-06-04 13:47:25,970:INFO:Starting cross validation
2022-06-04 13:47:25,970:INFO:Cross validating with StratifiedKFold(n_splits=10, random_state=None, shuffle=False), n_jobs=-1
2022-06-04 13:47:39,846:INFO:Calculating mean and std
2022-06-04 13:47:39,846:INFO:Creating metrics dataframe
2022-06-04 13:47:39,851:INFO:Uploading results into container
2022-06-04 13:47:39,851:INFO:Uploading model into container now
2022-06-04 13:47:39,851:INFO:create_model_container: 11
2022-06-04 13:47:39,851:INFO:master_model_container: 11
2022-06-04 13:47:39,851:INFO:display_container: 2
2022-06-04 13:47:39,851:INFO:LinearDiscriminantAnalysis(n_components=None, priors=None, shrinkage=None,
                           solver='svd', store_covariance=False, tol=0.0001)
2022-06-04 13:47:39,851:INFO:create_model() succesfully completed......................................
2022-06-04 13:47:39,940:INFO:SubProcess create_model() end ==================================
2022-06-04 13:47:39,940:INFO:Creating metrics dataframe
2022-06-04 13:47:39,956:INFO:Initializing Extra Trees Classifier
2022-06-04 13:47:39,956:INFO:Total runtime is 22.23898941278458 minutes
2022-06-04 13:47:39,956:INFO:SubProcess create_model() called ==================================
2022-06-04 13:47:39,956:INFO:Initializing create_model()
2022-06-04 13:47:39,956:INFO:create_model(estimator=et, fold=StratifiedKFold(n_splits=10, random_state=None, shuffle=False), round=4, cross_validation=True, predict=True, fit_kwargs={}, groups=None, refit=False, verbose=False, system=False, metrics=None, experiment_custom_tags=None, add_to_model_list=True, probability_threshold=None, display=<pycaret.internal.Display.Display object at 0x000001988C8197C8>, return_train_score=False, kwargs={})
2022-06-04 13:47:39,956:INFO:Checking exceptions
2022-06-04 13:47:39,956:INFO:Importing libraries
2022-06-04 13:47:39,956:INFO:Copying training dataset
2022-06-04 13:47:39,972:INFO:Defining folds
2022-06-04 13:47:39,972:INFO:Declaring metric variables
2022-06-04 13:47:39,972:INFO:Importing untrained model
2022-06-04 13:47:39,987:INFO:Extra Trees Classifier Imported succesfully
2022-06-04 13:47:40,003:INFO:Starting cross validation
2022-06-04 13:47:40,003:INFO:Cross validating with StratifiedKFold(n_splits=10, random_state=None, shuffle=False), n_jobs=-1
2022-06-04 13:48:26,724:INFO:Calculating mean and std
2022-06-04 13:48:26,724:INFO:Creating metrics dataframe
2022-06-04 13:48:26,724:INFO:Uploading results into container
2022-06-04 13:48:26,724:INFO:Uploading model into container now
2022-06-04 13:48:26,724:INFO:create_model_container: 12
2022-06-04 13:48:26,724:INFO:master_model_container: 12
2022-06-04 13:48:26,724:INFO:display_container: 2
2022-06-04 13:48:26,724:INFO:ExtraTreesClassifier(bootstrap=False, ccp_alpha=0.0, class_weight=None,
                     criterion='gini', max_depth=None, max_features='auto',
                     max_leaf_nodes=None, max_samples=None,
                     min_impurity_decrease=0.0, min_impurity_split=None,
                     min_samples_leaf=1, min_samples_split=2,
                     min_weight_fraction_leaf=0.0, n_estimators=100, n_jobs=-1,
                     oob_score=False, random_state=123, verbose=0,
                     warm_start=False)
2022-06-04 13:48:26,724:INFO:create_model() succesfully completed......................................
2022-06-04 13:48:26,787:INFO:SubProcess create_model() end ==================================
2022-06-04 13:48:26,787:INFO:Creating metrics dataframe
2022-06-04 13:48:26,818:INFO:Initializing Light Gradient Boosting Machine
2022-06-04 13:48:26,818:INFO:Total runtime is 23.020032441616063 minutes
2022-06-04 13:48:26,818:INFO:SubProcess create_model() called ==================================
2022-06-04 13:48:26,818:INFO:Initializing create_model()
2022-06-04 13:48:26,818:INFO:create_model(estimator=lightgbm, fold=StratifiedKFold(n_splits=10, random_state=None, shuffle=False), round=4, cross_validation=True, predict=True, fit_kwargs={}, groups=None, refit=False, verbose=False, system=False, metrics=None, experiment_custom_tags=None, add_to_model_list=True, probability_threshold=None, display=<pycaret.internal.Display.Display object at 0x000001988C8197C8>, return_train_score=False, kwargs={})
2022-06-04 13:48:26,818:INFO:Checking exceptions
2022-06-04 13:48:26,818:INFO:Importing libraries
2022-06-04 13:48:26,818:INFO:Copying training dataset
2022-06-04 13:48:26,834:INFO:Defining folds
2022-06-04 13:48:26,834:INFO:Declaring metric variables
2022-06-04 13:48:26,834:INFO:Importing untrained model
2022-06-04 13:48:26,850:INFO:Light Gradient Boosting Machine Imported succesfully
2022-06-04 13:48:26,850:INFO:Starting cross validation
2022-06-04 13:48:26,850:INFO:Cross validating with StratifiedKFold(n_splits=10, random_state=None, shuffle=False), n_jobs=-1
2022-06-04 13:48:53,892:INFO:Calculating mean and std
2022-06-04 13:48:53,892:INFO:Creating metrics dataframe
2022-06-04 13:48:53,892:INFO:Uploading results into container
2022-06-04 13:48:53,892:INFO:Uploading model into container now
2022-06-04 13:48:53,892:INFO:create_model_container: 13
2022-06-04 13:48:53,892:INFO:master_model_container: 13
2022-06-04 13:48:53,892:INFO:display_container: 2
2022-06-04 13:48:53,892:INFO:LGBMClassifier(boosting_type='gbdt', class_weight=None, colsample_bytree=1.0,
               importance_type='split', learning_rate=0.1, max_depth=-1,
               min_child_samples=20, min_child_weight=0.001, min_split_gain=0.0,
               n_estimators=100, n_jobs=-1, num_leaves=31, objective=None,
               random_state=123, reg_alpha=0.0, reg_lambda=0.0, silent='warn',
               subsample=1.0, subsample_for_bin=200000, subsample_freq=0)
2022-06-04 13:48:53,892:INFO:create_model() succesfully completed......................................
2022-06-04 13:48:53,955:INFO:SubProcess create_model() end ==================================
2022-06-04 13:48:53,955:INFO:Creating metrics dataframe
2022-06-04 13:48:53,984:INFO:Initializing Dummy Classifier
2022-06-04 13:48:53,984:INFO:Total runtime is 23.47279801368714 minutes
2022-06-04 13:48:53,986:INFO:SubProcess create_model() called ==================================
2022-06-04 13:48:53,986:INFO:Initializing create_model()
2022-06-04 13:48:53,986:INFO:create_model(estimator=dummy, fold=StratifiedKFold(n_splits=10, random_state=None, shuffle=False), round=4, cross_validation=True, predict=True, fit_kwargs={}, groups=None, refit=False, verbose=False, system=False, metrics=None, experiment_custom_tags=None, add_to_model_list=True, probability_threshold=None, display=<pycaret.internal.Display.Display object at 0x000001988C8197C8>, return_train_score=False, kwargs={})
2022-06-04 13:48:53,986:INFO:Checking exceptions
2022-06-04 13:48:53,986:INFO:Importing libraries
2022-06-04 13:48:53,986:INFO:Copying training dataset
2022-06-04 13:48:54,001:INFO:Defining folds
2022-06-04 13:48:54,001:INFO:Declaring metric variables
2022-06-04 13:48:54,002:INFO:Importing untrained model
2022-06-04 13:48:54,002:INFO:Dummy Classifier Imported succesfully
2022-06-04 13:48:54,018:INFO:Starting cross validation
2022-06-04 13:48:54,018:INFO:Cross validating with StratifiedKFold(n_splits=10, random_state=None, shuffle=False), n_jobs=-1
2022-06-04 13:48:54,442:INFO:Calculating mean and std
2022-06-04 13:48:54,442:INFO:Creating metrics dataframe
2022-06-04 13:48:54,442:INFO:Uploading results into container
2022-06-04 13:48:54,442:INFO:Uploading model into container now
2022-06-04 13:48:54,442:INFO:create_model_container: 14
2022-06-04 13:48:54,442:INFO:master_model_container: 14
2022-06-04 13:48:54,442:INFO:display_container: 2
2022-06-04 13:48:54,442:INFO:DummyClassifier(constant=None, random_state=123, strategy='prior')
2022-06-04 13:48:54,442:INFO:create_model() succesfully completed......................................
2022-06-04 13:48:54,505:INFO:SubProcess create_model() end ==================================
2022-06-04 13:48:54,505:INFO:Creating metrics dataframe
2022-06-04 13:48:54,536:INFO:Initializing create_model()
2022-06-04 13:48:54,536:INFO:create_model(estimator=LGBMClassifier(boosting_type='gbdt', class_weight=None, colsample_bytree=1.0,
               importance_type='split', learning_rate=0.1, max_depth=-1,
               min_child_samples=20, min_child_weight=0.001, min_split_gain=0.0,
               n_estimators=100, n_jobs=-1, num_leaves=31, objective=None,
               random_state=123, reg_alpha=0.0, reg_lambda=0.0, silent='warn',
               subsample=1.0, subsample_for_bin=200000, subsample_freq=0), fold=StratifiedKFold(n_splits=10, random_state=None, shuffle=False), round=4, cross_validation=False, predict=False, fit_kwargs={}, groups=None, refit=True, verbose=False, system=False, metrics=None, experiment_custom_tags=None, add_to_model_list=True, probability_threshold=None, display=None, return_train_score=False, kwargs={})
2022-06-04 13:48:54,536:INFO:Checking exceptions
2022-06-04 13:48:54,536:INFO:Importing libraries
2022-06-04 13:48:54,536:INFO:Copying training dataset
2022-06-04 13:48:54,552:INFO:Defining folds
2022-06-04 13:48:54,552:INFO:Declaring metric variables
2022-06-04 13:48:54,552:INFO:Importing untrained model
2022-06-04 13:48:54,552:INFO:Declaring custom model
2022-06-04 13:48:54,552:INFO:Light Gradient Boosting Machine Imported succesfully
2022-06-04 13:48:54,552:INFO:Cross validation set to False
2022-06-04 13:48:54,552:INFO:Fitting Model
2022-06-04 13:48:58,210:INFO:LGBMClassifier(boosting_type='gbdt', class_weight=None, colsample_bytree=1.0,
               importance_type='split', learning_rate=0.1, max_depth=-1,
               min_child_samples=20, min_child_weight=0.001, min_split_gain=0.0,
               n_estimators=100, n_jobs=-1, num_leaves=31, objective=None,
               random_state=123, reg_alpha=0.0, reg_lambda=0.0, silent='warn',
               subsample=1.0, subsample_for_bin=200000, subsample_freq=0)
2022-06-04 13:48:58,210:INFO:create_models() succesfully completed......................................
2022-06-04 13:48:58,310:INFO:create_model_container: 14
2022-06-04 13:48:58,310:INFO:master_model_container: 14
2022-06-04 13:48:58,310:INFO:display_container: 2
2022-06-04 13:48:58,310:INFO:LGBMClassifier(boosting_type='gbdt', class_weight=None, colsample_bytree=1.0,
               importance_type='split', learning_rate=0.1, max_depth=-1,
               min_child_samples=20, min_child_weight=0.001, min_split_gain=0.0,
               n_estimators=100, n_jobs=-1, num_leaves=31, objective=None,
               random_state=123, reg_alpha=0.0, reg_lambda=0.0, silent='warn',
               subsample=1.0, subsample_for_bin=200000, subsample_freq=0)
2022-06-04 13:48:58,310:INFO:compare_models() succesfully completed......................................
2022-06-04 13:58:25,654:INFO:Initializing predict_model()
2022-06-04 13:58:25,654:INFO:predict_model(estimator=LGBMClassifier(boosting_type='gbdt', class_weight=None, colsample_bytree=1.0,
               importance_type='split', learning_rate=0.1, max_depth=-1,
               min_child_samples=20, min_child_weight=0.001, min_split_gain=0.0,
               n_estimators=100, n_jobs=-1, num_leaves=31, objective=None,
               random_state=123, reg_alpha=0.0, reg_lambda=0.0, silent='warn',
               subsample=1.0, subsample_for_bin=200000, subsample_freq=0), probability_threshold=None, encoded_labels=False, drift_report=False, raw_score=False, round=4, verbose=True, ml_usecase=MLUsecase.CLASSIFICATION, display=None, drift_kwargs=None)
2022-06-04 13:58:25,654:INFO:Checking exceptions
2022-06-04 13:58:25,654:INFO:Preloading libraries
2022-06-04 13:58:25,654:INFO:Preparing display monitor
